  [1m[36m (44.2ms)[0m  [1mCREATE TABLE "schema_migrations" ("version" character varying NOT NULL) [0m
  [1m[35m (4.4ms)[0m  CREATE UNIQUE INDEX  "unique_schema_migrations" ON "schema_migrations"  ("version")
  [1m[36mActiveRecord::SchemaMigration Load (1.1ms)[0m  [1mSELECT "schema_migrations".* FROM "schema_migrations"[0m
Migrating to CreateGoers (20150803145528)
  [1m[35m (1.0ms)[0m  BEGIN
  [1m[36m (0.7ms)[0m  [1mROLLBACK[0m
  [1m[36mActiveRecord::SchemaMigration Load (0.7ms)[0m  [1mSELECT "schema_migrations".* FROM "schema_migrations"[0m
Migrating to CreateGoers (20150803145528)
  [1m[35m (0.2ms)[0m  BEGIN
  [1m[36m (29.1ms)[0m  [1mCREATE TABLE "goers" ("id" serial primary key, "name" character varying, "age" integer, "location" character varying) [0m
  [1m[35mSQL (1.3ms)[0m  INSERT INTO "schema_migrations" ("version") VALUES ($1)  [["version", "20150803145528"]]
  [1m[36m (3.9ms)[0m  [1mCOMMIT[0m
Migrating to CreateConcerts (20150803145621)
  [1m[35m (0.3ms)[0m  BEGIN
  [1m[36m (0.1ms)[0m  [1mROLLBACK[0m
  [1m[36mActiveRecord::SchemaMigration Load (0.9ms)[0m  [1mSELECT "schema_migrations".* FROM "schema_migrations"[0m
Migrating to CreateConcerts (20150803145621)
  [1m[35m (0.2ms)[0m  BEGIN
  [1m[36m (11.1ms)[0m  [1mCREATE TABLE "concerts" ("id" serial primary key, "artist" character varying, "date" timestamp, "venu" character varying, "photo_url" character varying, "goer_id" integer) [0m
  [1m[35m (1.2ms)[0m  CREATE  INDEX  "index_concerts_on_goer_id" ON "concerts"  ("goer_id")
  [1m[36m (18.6ms)[0m  [1mALTER TABLE "concerts" ADD CONSTRAINT "fk_rails_ad7bbd09a0"
FOREIGN KEY ("goer_id")
  REFERENCES "goers" ("id")
[0m
  [1m[35mSQL (1.2ms)[0m  INSERT INTO "schema_migrations" ("version") VALUES ($1)  [["version", "20150803145621"]]
  [1m[36m (1.2ms)[0m  [1mCOMMIT[0m
Migrating to CreateImages (20150803145633)
  [1m[35m (0.3ms)[0m  BEGIN
  [1m[36m (6.0ms)[0m  [1mCREATE TABLE "images" ("id" serial primary key, "photo_url" character varying, "concert_id" integer) [0m
  [1m[35m (1.1ms)[0m  CREATE  INDEX  "index_images_on_concert_id" ON "images"  ("concert_id")
  [1m[36m (1.6ms)[0m  [1mALTER TABLE "images" ADD CONSTRAINT "fk_rails_693351a420"
FOREIGN KEY ("concert_id")
  REFERENCES "concerts" ("id")
[0m
  [1m[35mSQL (0.2ms)[0m  INSERT INTO "schema_migrations" ("version") VALUES ($1)  [["version", "20150803145633"]]
  [1m[36m (2.0ms)[0m  [1mCOMMIT[0m
  [1m[35mActiveRecord::SchemaMigration Load (0.3ms)[0m  SELECT "schema_migrations".* FROM "schema_migrations"
  [1m[36m (8.3ms)[0m  [1mSELECT t2.oid::regclass::text AS to_table, a1.attname AS column, a2.attname AS primary_key, c.conname AS name, c.confupdtype AS on_update, c.confdeltype AS on_delete
FROM pg_constraint c
JOIN pg_class t1 ON c.conrelid = t1.oid
JOIN pg_class t2 ON c.confrelid = t2.oid
JOIN pg_attribute a1 ON a1.attnum = c.conkey[1] AND a1.attrelid = t1.oid
JOIN pg_attribute a2 ON a2.attnum = c.confkey[1] AND a2.attrelid = t2.oid
JOIN pg_namespace t3 ON c.connamespace = t3.oid
WHERE c.contype = 'f'
  AND t1.relname = 'concerts'
  AND t3.nspname = ANY (current_schemas(false))
ORDER BY c.conname
[0m
  [1m[35m (4.9ms)[0m  SELECT t2.oid::regclass::text AS to_table, a1.attname AS column, a2.attname AS primary_key, c.conname AS name, c.confupdtype AS on_update, c.confdeltype AS on_delete
FROM pg_constraint c
JOIN pg_class t1 ON c.conrelid = t1.oid
JOIN pg_class t2 ON c.confrelid = t2.oid
JOIN pg_attribute a1 ON a1.attnum = c.conkey[1] AND a1.attrelid = t1.oid
JOIN pg_attribute a2 ON a2.attnum = c.confkey[1] AND a2.attrelid = t2.oid
JOIN pg_namespace t3 ON c.connamespace = t3.oid
WHERE c.contype = 'f'
  AND t1.relname = 'goers'
  AND t3.nspname = ANY (current_schemas(false))
ORDER BY c.conname

  [1m[36m (3.9ms)[0m  [1mSELECT t2.oid::regclass::text AS to_table, a1.attname AS column, a2.attname AS primary_key, c.conname AS name, c.confupdtype AS on_update, c.confdeltype AS on_delete
FROM pg_constraint c
JOIN pg_class t1 ON c.conrelid = t1.oid
JOIN pg_class t2 ON c.confrelid = t2.oid
JOIN pg_attribute a1 ON a1.attnum = c.conkey[1] AND a1.attrelid = t1.oid
JOIN pg_attribute a2 ON a2.attnum = c.confkey[1] AND a2.attrelid = t2.oid
JOIN pg_namespace t3 ON c.connamespace = t3.oid
WHERE c.contype = 'f'
  AND t1.relname = 'images'
  AND t3.nspname = ANY (current_schemas(false))
ORDER BY c.conname
[0m
